2022-08-29T08:17:33+00:00 CRITICAL syntax error, unexpected '<', expecting end of file dans C:\Users\afpa\Local Sites\trident\app\public\wp-content\themes\Anthony_D\functions.php à la ligne 9

2022-08-29T08:17:45+00:00 CRITICAL syntax error, unexpected '<', expecting end of file dans C:\Users\afpa\Local Sites\trident\app\public\wp-content\themes\Anthony_D\functions.php à la ligne 9

2022-08-29T08:17:52+00:00 CRITICAL syntax error, unexpected '<', expecting end of file dans C:\Users\afpa\Local Sites\trident\app\public\wp-content\themes\Anthony_D\functions.php à la ligne 9

2022-08-29T08:17:53+00:00 CRITICAL syntax error, unexpected '<', expecting end of file dans C:\Users\afpa\Local Sites\trident\app\public\wp-content\themes\Anthony_D\functions.php à la ligne 9

2022-08-29T08:18:04+00:00 CRITICAL syntax error, unexpected '<', expecting end of file dans C:\Users\afpa\Local Sites\trident\app\public\wp-content\themes\Anthony_D\functions.php à la ligne 9

2022-08-29T08:18:04+00:00 CRITICAL syntax error, unexpected '<', expecting end of file dans C:\Users\afpa\Local Sites\trident\app\public\wp-content\themes\Anthony_D\functions.php à la ligne 9

2022-08-29T08:18:09+00:00 CRITICAL syntax error, unexpected '<', expecting end of file dans C:\Users\afpa\Local Sites\trident\app\public\wp-content\themes\Anthony_D\functions.php à la ligne 9

2022-08-29T08:18:11+00:00 CRITICAL syntax error, unexpected '<', expecting end of file dans C:\Users\afpa\Local Sites\trident\app\public\wp-content\themes\Anthony_D\functions.php à la ligne 9

2022-08-29T08:18:12+00:00 CRITICAL syntax error, unexpected '<', expecting end of file dans C:\Users\afpa\Local Sites\trident\app\public\wp-content\themes\Anthony_D\functions.php à la ligne 9

2022-08-29T08:18:16+00:00 CRITICAL syntax error, unexpected '<', expecting end of file dans C:\Users\afpa\Local Sites\trident\app\public\wp-content\themes\Anthony_D\functions.php à la ligne 9

2022-08-29T08:18:17+00:00 CRITICAL syntax error, unexpected '<', expecting end of file dans C:\Users\afpa\Local Sites\trident\app\public\wp-content\themes\Anthony_D\functions.php à la ligne 9

2022-08-29T08:18:24+00:00 CRITICAL syntax error, unexpected '<', expecting end of file dans C:\Users\afpa\Local Sites\trident\app\public\wp-content\themes\Anthony_D\functions.php à la ligne 9

2022-08-29T08:19:46+00:00 CRITICAL syntax error, unexpected '<', expecting end of file dans C:\Users\afpa\Local Sites\trident\app\public\wp-content\themes\Anthony_D\functions.php à la ligne 9

2022-08-29T08:19:46+00:00 CRITICAL syntax error, unexpected '<', expecting end of file dans C:\Users\afpa\Local Sites\trident\app\public\wp-content\themes\Anthony_D\functions.php à la ligne 9

2022-08-29T08:19:52+00:00 CRITICAL syntax error, unexpected '<', expecting end of file dans C:\Users\afpa\Local Sites\trident\app\public\wp-content\themes\Anthony_D\functions.php à la ligne 9

2022-08-29T08:19:55+00:00 CRITICAL syntax error, unexpected '<', expecting end of file dans C:\Users\afpa\Local Sites\trident\app\public\wp-content\themes\Anthony_D\functions.php à la ligne 9

2022-08-29T08:19:55+00:00 CRITICAL syntax error, unexpected '<', expecting end of file dans C:\Users\afpa\Local Sites\trident\app\public\wp-content\themes\Anthony_D\functions.php à la ligne 9

2022-08-29T08:19:57+00:00 CRITICAL syntax error, unexpected '<', expecting end of file dans C:\Users\afpa\Local Sites\trident\app\public\wp-content\themes\Anthony_D\functions.php à la ligne 9

2022-08-29T08:19:57+00:00 CRITICAL syntax error, unexpected '<', expecting end of file dans C:\Users\afpa\Local Sites\trident\app\public\wp-content\themes\Anthony_D\functions.php à la ligne 9

2022-08-29T08:20:02+00:00 CRITICAL syntax error, unexpected '<', expecting end of file dans C:\Users\afpa\Local Sites\trident\app\public\wp-content\themes\Anthony_D\functions.php à la ligne 9

2022-08-29T08:20:02+00:00 CRITICAL syntax error, unexpected '<', expecting end of file dans C:\Users\afpa\Local Sites\trident\app\public\wp-content\themes\Anthony_D\functions.php à la ligne 9

2022-08-29T08:20:05+00:00 CRITICAL syntax error, unexpected '<', expecting end of file dans C:\Users\afpa\Local Sites\trident\app\public\wp-content\themes\Anthony_D\functions.php à la ligne 9

2022-08-29T08:20:05+00:00 CRITICAL syntax error, unexpected '<', expecting end of file dans C:\Users\afpa\Local Sites\trident\app\public\wp-content\themes\Anthony_D\functions.php à la ligne 9

2022-08-29T08:20:07+00:00 CRITICAL syntax error, unexpected '<', expecting end of file dans C:\Users\afpa\Local Sites\trident\app\public\wp-content\themes\Anthony_D\functions.php à la ligne 9

2022-08-29T08:20:07+00:00 CRITICAL syntax error, unexpected '<', expecting end of file dans C:\Users\afpa\Local Sites\trident\app\public\wp-content\themes\Anthony_D\functions.php à la ligne 9

2022-08-29T08:20:20+00:00 CRITICAL syntax error, unexpected '<', expecting end of file dans C:\Users\afpa\Local Sites\trident\app\public\wp-content\themes\Anthony_D\functions.php à la ligne 9

2022-08-29T08:24:39+00:00 CRITICAL syntax error, unexpected '<', expecting end of file dans C:\Users\afpa\Local Sites\trident\app\public\wp-content\themes\Anthony_D\functions.php à la ligne 9

2022-08-29T08:25:45+00:00 CRITICAL syntax error, unexpected '<', expecting end of file dans C:\Users\afpa\Local Sites\trident\app\public\wp-content\themes\Anthony_D\functions.php à la ligne 9

2022-08-29T08:25:50+00:00 CRITICAL syntax error, unexpected '<', expecting end of file dans C:\Users\afpa\Local Sites\trident\app\public\wp-content\themes\Anthony_D\functions.php à la ligne 9

2022-08-29T08:25:50+00:00 CRITICAL syntax error, unexpected '<', expecting end of file dans C:\Users\afpa\Local Sites\trident\app\public\wp-content\themes\Anthony_D\functions.php à la ligne 9

2022-08-29T08:26:08+00:00 CRITICAL syntax error, unexpected '<', expecting end of file dans C:\Users\afpa\Local Sites\trident\app\public\wp-content\themes\Anthony_D\functions.php à la ligne 9

2022-08-29T08:26:08+00:00 CRITICAL syntax error, unexpected '<', expecting end of file dans C:\Users\afpa\Local Sites\trident\app\public\wp-content\themes\Anthony_D\functions.php à la ligne 9

2022-08-29T08:26:11+00:00 CRITICAL syntax error, unexpected '<', expecting end of file dans C:\Users\afpa\Local Sites\trident\app\public\wp-content\themes\Anthony_D\functions.php à la ligne 9

2022-08-29T09:05:48+00:00 CRITICAL syntax error, unexpected '<', expecting end of file dans C:\Users\afpa\Local Sites\trident\app\public\wp-content\themes\Anthony_D\functions.php à la ligne 9

2022-08-29T09:05:54+00:00 CRITICAL syntax error, unexpected '<', expecting end of file dans C:\Users\afpa\Local Sites\trident\app\public\wp-content\themes\Anthony_D\functions.php à la ligne 9

2022-08-29T09:06:00+00:00 CRITICAL syntax error, unexpected '<', expecting end of file dans C:\Users\afpa\Local Sites\trident\app\public\wp-content\themes\Anthony_D\functions.php à la ligne 9

2022-08-29T09:06:00+00:00 CRITICAL syntax error, unexpected '<', expecting end of file dans C:\Users\afpa\Local Sites\trident\app\public\wp-content\themes\Anthony_D\functions.php à la ligne 9

2022-08-29T09:06:03+00:00 CRITICAL syntax error, unexpected '<', expecting end of file dans C:\Users\afpa\Local Sites\trident\app\public\wp-content\themes\Anthony_D\functions.php à la ligne 9

2022-08-29T09:08:15+00:00 CRITICAL syntax error, unexpected '<', expecting end of file dans C:\Users\afpa\Local Sites\trident\app\public\wp-content\themes\Anthony_D\functions.php à la ligne 9

2022-08-29T09:08:15+00:00 CRITICAL syntax error, unexpected '<', expecting end of file dans C:\Users\afpa\Local Sites\trident\app\public\wp-content\themes\Anthony_D\functions.php à la ligne 9

2022-08-29T09:09:10+00:00 CRITICAL syntax error, unexpected '<', expecting end of file dans C:\Users\afpa\Local Sites\trident\app\public\wp-content\themes\Anthony_D\functions.php à la ligne 9

2022-08-29T09:09:10+00:00 CRITICAL syntax error, unexpected '<', expecting end of file dans C:\Users\afpa\Local Sites\trident\app\public\wp-content\themes\Anthony_D\functions.php à la ligne 9

2022-08-29T09:09:13+00:00 CRITICAL syntax error, unexpected '<', expecting end of file dans C:\Users\afpa\Local Sites\trident\app\public\wp-content\themes\Anthony_D\functions.php à la ligne 9

2022-08-29T09:09:13+00:00 CRITICAL syntax error, unexpected '<', expecting end of file dans C:\Users\afpa\Local Sites\trident\app\public\wp-content\themes\Anthony_D\functions.php à la ligne 9

2022-08-29T09:10:33+00:00 CRITICAL syntax error, unexpected '<', expecting end of file dans C:\Users\afpa\Local Sites\trident\app\public\wp-content\themes\Anthony_D\functions.php à la ligne 9

2022-08-29T09:10:33+00:00 CRITICAL syntax error, unexpected '<', expecting end of file dans C:\Users\afpa\Local Sites\trident\app\public\wp-content\themes\Anthony_D\functions.php à la ligne 9

2022-08-29T09:13:08+00:00 CRITICAL syntax error, unexpected '<', expecting end of file dans C:\Users\afpa\Local Sites\trident\app\public\wp-content\themes\Anthony_D\functions.php à la ligne 9

2022-08-29T09:13:08+00:00 CRITICAL syntax error, unexpected '<', expecting end of file dans C:\Users\afpa\Local Sites\trident\app\public\wp-content\themes\Anthony_D\functions.php à la ligne 9

2022-08-29T09:13:47+00:00 CRITICAL syntax error, unexpected '<', expecting end of file dans C:\Users\afpa\Local Sites\trident\app\public\wp-content\themes\Anthony_D\functions.php à la ligne 9

2022-08-29T09:13:47+00:00 CRITICAL syntax error, unexpected '<', expecting end of file dans C:\Users\afpa\Local Sites\trident\app\public\wp-content\themes\Anthony_D\functions.php à la ligne 9

2022-08-29T09:13:48+00:00 CRITICAL syntax error, unexpected '<', expecting end of file dans C:\Users\afpa\Local Sites\trident\app\public\wp-content\themes\Anthony_D\functions.php à la ligne 9

2022-08-29T09:14:49+00:00 CRITICAL syntax error, unexpected '<', expecting end of file dans C:\Users\afpa\Local Sites\trident\app\public\wp-content\themes\Anthony_D\functions.php à la ligne 9

2022-08-29T09:16:38+00:00 CRITICAL syntax error, unexpected '<', expecting end of file dans C:\Users\afpa\Local Sites\trident\app\public\wp-content\themes\Anthony_D\functions.php à la ligne 9

2022-08-29T09:17:39+00:00 CRITICAL syntax error, unexpected '<', expecting end of file dans C:\Users\afpa\Local Sites\trident\app\public\wp-content\themes\Anthony_D\functions.php à la ligne 9

2022-08-29T09:17:48+00:00 CRITICAL syntax error, unexpected '<', expecting end of file dans C:\Users\afpa\Local Sites\trident\app\public\wp-content\themes\Anthony_D\functions.php à la ligne 9

2022-08-29T09:17:48+00:00 CRITICAL syntax error, unexpected '<', expecting end of file dans C:\Users\afpa\Local Sites\trident\app\public\wp-content\themes\Anthony_D\functions.php à la ligne 9

2022-08-29T09:18:00+00:00 CRITICAL syntax error, unexpected '<', expecting end of file dans C:\Users\afpa\Local Sites\trident\app\public\wp-content\themes\Anthony_D\functions.php à la ligne 9

2022-08-29T09:18:01+00:00 CRITICAL syntax error, unexpected '<', expecting end of file dans C:\Users\afpa\Local Sites\trident\app\public\wp-content\themes\Anthony_D\functions.php à la ligne 9

2022-08-29T10:58:08+00:00 CRITICAL syntax error, unexpected '<', expecting end of file dans C:\Users\afpa\Local Sites\trident\app\public\wp-content\themes\Anthony_D\archive.php à la ligne 112

2022-08-29T10:58:11+00:00 CRITICAL syntax error, unexpected '<', expecting end of file dans C:\Users\afpa\Local Sites\trident\app\public\wp-content\themes\Anthony_D\archive.php à la ligne 112

2022-08-29T11:25:36+00:00 CRITICAL syntax error, unexpected end of file, expecting ')' dans C:\Users\afpa\Local Sites\trident\app\public\wp-content\themes\Anthony_D\functions.php à la ligne 65

2022-08-29T11:26:42+00:00 CRITICAL syntax error, unexpected ';', expecting ')' dans C:\Users\afpa\Local Sites\trident\app\public\wp-content\themes\Anthony_D\functions.php à la ligne 66

2022-08-29T11:26:43+00:00 CRITICAL syntax error, unexpected ';', expecting ')' dans C:\Users\afpa\Local Sites\trident\app\public\wp-content\themes\Anthony_D\functions.php à la ligne 66

2022-08-29T11:36:55+00:00 CRITICAL syntax error, unexpected '<', expecting end of file dans C:\Users\afpa\Local Sites\trident\app\public\wp-content\themes\Anthony_D\functions.php à la ligne 70

2022-08-29T11:39:20+00:00 CRITICAL syntax error, unexpected '<', expecting end of file dans C:\Users\afpa\Local Sites\trident\app\public\wp-content\themes\Anthony_D\functions.php à la ligne 51

2022-08-29T11:39:22+00:00 CRITICAL syntax error, unexpected '<', expecting end of file dans C:\Users\afpa\Local Sites\trident\app\public\wp-content\themes\Anthony_D\functions.php à la ligne 51

2022-08-29T11:39:23+00:00 CRITICAL syntax error, unexpected '<', expecting end of file dans C:\Users\afpa\Local Sites\trident\app\public\wp-content\themes\Anthony_D\functions.php à la ligne 51

2022-08-29T11:39:23+00:00 CRITICAL syntax error, unexpected '<', expecting end of file dans C:\Users\afpa\Local Sites\trident\app\public\wp-content\themes\Anthony_D\functions.php à la ligne 51

2022-08-29T11:42:49+00:00 CRITICAL Cannot redeclare Trident_register_post_types() (previously declared in C:\Users\afpa\Local Sites\trident\app\public\wp-content\themes\Anthony_D\functions.php:33) dans C:\Users\afpa\Local Sites\trident\app\public\wp-content\themes\Anthony_D\functions.php à la ligne 58

2022-08-29T11:42:50+00:00 CRITICAL Cannot redeclare Trident_register_post_types() (previously declared in C:\Users\afpa\Local Sites\trident\app\public\wp-content\themes\Anthony_D\functions.php:33) dans C:\Users\afpa\Local Sites\trident\app\public\wp-content\themes\Anthony_D\functions.php à la ligne 58

2022-08-29T11:42:57+00:00 CRITICAL Cannot redeclare Trident_register_post_types() (previously declared in C:\Users\afpa\Local Sites\trident\app\public\wp-content\themes\Anthony_D\functions.php:33) dans C:\Users\afpa\Local Sites\trident\app\public\wp-content\themes\Anthony_D\functions.php à la ligne 58

2022-08-29T11:43:53+00:00 CRITICAL Cannot redeclare Trident_register_post_types() (previously declared in C:\Users\afpa\Local Sites\trident\app\public\wp-content\themes\Anthony_D\functions.php:33) dans C:\Users\afpa\Local Sites\trident\app\public\wp-content\themes\Anthony_D\functions.php à la ligne 58

2022-08-29T11:43:53+00:00 CRITICAL Cannot redeclare Trident_register_post_types() (previously declared in C:\Users\afpa\Local Sites\trident\app\public\wp-content\themes\Anthony_D\functions.php:33) dans C:\Users\afpa\Local Sites\trident\app\public\wp-content\themes\Anthony_D\functions.php à la ligne 58

2022-08-29T11:45:01+00:00 CRITICAL Cannot redeclare Trident_register_post_types() (previously declared in C:\Users\afpa\Local Sites\trident\app\public\wp-content\themes\Anthony_D\functions.php:33) dans C:\Users\afpa\Local Sites\trident\app\public\wp-content\themes\Anthony_D\functions.php à la ligne 58

2022-08-29T11:45:01+00:00 CRITICAL Cannot redeclare Trident_register_post_types() (previously declared in C:\Users\afpa\Local Sites\trident\app\public\wp-content\themes\Anthony_D\functions.php:33) dans C:\Users\afpa\Local Sites\trident\app\public\wp-content\themes\Anthony_D\functions.php à la ligne 58

2022-08-29T11:45:20+00:00 CRITICAL syntax error, unexpected '<', expecting end of file dans C:\Users\afpa\Local Sites\trident\app\public\wp-content\themes\Anthony_D\functions.php à la ligne 57

2022-08-29T11:45:20+00:00 CRITICAL syntax error, unexpected '<', expecting end of file dans C:\Users\afpa\Local Sites\trident\app\public\wp-content\themes\Anthony_D\functions.php à la ligne 57

2022-08-29T11:46:42+00:00 CRITICAL syntax error, unexpected '<', expecting end of file dans C:\Users\afpa\Local Sites\trident\app\public\wp-content\themes\Anthony_D\functions.php à la ligne 57

2022-08-29T11:46:43+00:00 CRITICAL syntax error, unexpected '<', expecting end of file dans C:\Users\afpa\Local Sites\trident\app\public\wp-content\themes\Anthony_D\functions.php à la ligne 57

2022-08-29T11:46:59+00:00 CRITICAL syntax error, unexpected '<', expecting end of file dans C:\Users\afpa\Local Sites\trident\app\public\wp-content\themes\Anthony_D\functions.php à la ligne 51

2022-08-29T11:47:03+00:00 CRITICAL syntax error, unexpected '<', expecting end of file dans C:\Users\afpa\Local Sites\trident\app\public\wp-content\themes\Anthony_D\functions.php à la ligne 51

2022-08-29T11:47:03+00:00 CRITICAL syntax error, unexpected '<', expecting end of file dans C:\Users\afpa\Local Sites\trident\app\public\wp-content\themes\Anthony_D\functions.php à la ligne 51

2022-08-29T11:47:05+00:00 CRITICAL syntax error, unexpected '<', expecting end of file dans C:\Users\afpa\Local Sites\trident\app\public\wp-content\themes\Anthony_D\functions.php à la ligne 51

2022-08-29T11:47:05+00:00 CRITICAL syntax error, unexpected '<', expecting end of file dans C:\Users\afpa\Local Sites\trident\app\public\wp-content\themes\Anthony_D\functions.php à la ligne 51

