[01/Sep/2022:11:45:16] (I): WordPress Instance Info:
[01/Sep/2022:11:45:16] (I): Home URL : http://localhost:10010
[01/Sep/2022:11:45:16] (I): Site URL : http://localhost:10010
[01/Sep/2022:11:45:16] (I): WordPress Version : 6.0.1
[01/Sep/2022:11:45:16] (I): Onboarding Version : 1.1.25
[01/Sep/2022:11:45:16] (I): Multisite : No
[01/Sep/2022:11:45:16] (I): Server Info : nginx/1.16.0
[01/Sep/2022:11:45:16] (I): PHP Version : 7.4.1
[01/Sep/2022:11:45:16] (I): HTTPS : No
[01/Sep/2022:11:45:16] (I): PHP Max Execution Time : 1200
[01/Sep/2022:11:45:16] (I): PHP Max Input Vars : 4000
[01/Sep/2022:11:45:16] (I): Max Upload Size : 314572800
[01/Sep/2022:11:45:16] (I): Plugins:
[01/Sep/2022:11:45:16] (I): [PLUGIN] Advanced Custom Fields : v5.12.3 (Delicious Brains)
[01/Sep/2022:11:45:16] (I): [PLUGIN] iThemes Security : v8.1.2 (iThemes)
[01/Sep/2022:11:45:16] (I): [PLUGIN] FakerPress : v0.5.3 (Gustavo Bordoni)
[01/Sep/2022:11:45:16] (I): [PLUGIN] Otter – Page Builder Blocks &amp; Extensions for Gutenberg : v2.0.13 (ThemeIsle)
[01/Sep/2022:11:45:16] (I): [PLUGIN] Regenerate Thumbnails : v3.1.5 (Alex Mills (Viper007Bond))
[01/Sep/2022:11:45:16] (I): [PLUGIN] Templates Patterns Collection : v1.1.25 (ThemeIsle)
[01/Sep/2022:11:45:16] (I): [PLUGIN] UpdraftPlus - Sauvegarde/Restauration : v1.22.19 (UpdraftPlus.Com, DavidAnderson)
[01/Sep/2022:11:45:16] (I): [PLUGIN] WooCommerce : v6.8.2 (Automattic)
[01/Sep/2022:11:45:16] (I): [PLUGIN] Yoast SEO : v19.6.1 (L’équipe Yoast)
[01/Sep/2022:11:45:16] (P): Saving remote XML
[01/Sep/2022:11:45:17] (S): Saved remote XML at path C:\Users\afpa\Local Sites\urbantrackers\app\public/wp-content/uploads/themeisle-demo-import.xml.
[01/Sep/2022:11:45:17] (P): Starting content import...
[01/Sep/2022:11:45:17] (S): Import started.
[01/Sep/2022:11:45:17] (S): Parsing XML file.
[01/Sep/2022:11:45:17] (P): Starting parsing file:C:\Users\afpa\Local Sites\urbantrackers\app\public/wp-content/uploads/themeisle-demo-import.xml
[01/Sep/2022:11:45:17] (P): Using WXR_Parser_SimpleXML...
[01/Sep/2022:11:45:17] (S): Parsed XML
[01/Sep/2022:11:45:17] (P): Processing categories...
[01/Sep/2022:11:45:17] (S): Processed categories.
[01/Sep/2022:11:45:17] (P): Processing tags...
[01/Sep/2022:11:45:17] (S): No tags to process.
[01/Sep/2022:11:45:17] (P): Processing terms...
[01/Sep/2022:11:45:17] (W): Failed to import elementor_library_type page
[01/Sep/2022:11:45:17] (E): Taxonomie non valide.
[01/Sep/2022:11:45:17] (S): Processed terms.
[01/Sep/2022:11:45:17] (P): Processing posts...
[01/Sep/2022:11:45:17] (P): Processing attachment: https://s33834.pcdn.co/fitness-gb/wp-content/uploads/sites/444/2019/07/neve-fitness-logo.png...
[01/Sep/2022:11:45:17] (P): Fetching attachment from url: https://s33834.pcdn.co/fitness-gb/wp-content/uploads/sites/444/2019/07/neve-fitness-logo.png...
[01/Sep/2022:11:45:18] (S): Fetched remote attachment.
[01/Sep/2022:11:45:18] (P): Inserting attachment...
[01/Sep/2022:11:45:18] (S): Attachment inserted
[01/Sep/2022:11:45:18] (S): Processed attachment.
[01/Sep/2022:11:45:18] (P): Processing attachment: https://s33834.pcdn.co/fitness-gb/wp-content/uploads/sites/444/2019/07/map-1.png...
[01/Sep/2022:11:45:18] (P): Fetching attachment from url: https://s33834.pcdn.co/fitness-gb/wp-content/uploads/sites/444/2019/07/map-1.png...
[01/Sep/2022:11:45:18] (S): Fetched remote attachment.
[01/Sep/2022:11:45:18] (P): Inserting attachment...
[01/Sep/2022:11:45:18] (S): Attachment inserted
[01/Sep/2022:11:45:18] (S): Processed attachment.
[01/Sep/2022:11:45:18] (P): Processing attachment: https://s33834.pcdn.co/fitness-gb/wp-content/uploads/sites/444/2019/07/map-2.png...
[01/Sep/2022:11:45:18] (P): Fetching attachment from url: https://s33834.pcdn.co/fitness-gb/wp-content/uploads/sites/444/2019/07/map-2.png...
[01/Sep/2022:11:45:19] (S): Fetched remote attachment.
[01/Sep/2022:11:45:19] (P): Inserting attachment...
[01/Sep/2022:11:45:19] (S): Attachment inserted
[01/Sep/2022:11:45:19] (S): Processed attachment.
[01/Sep/2022:11:45:19] (P): Processing attachment: https://s33834.pcdn.co/fitness-gb/wp-content/uploads/sites/444/2019/07/Neve-gym-logo-1.png...
[01/Sep/2022:11:45:19] (P): Fetching attachment from url: https://s33834.pcdn.co/fitness-gb/wp-content/uploads/sites/444/2019/07/Neve-gym-logo-1.png...
[01/Sep/2022:11:45:19] (S): Fetched remote attachment.
[01/Sep/2022:11:45:19] (P): Inserting attachment...
[01/Sep/2022:11:45:19] (S): Attachment inserted
[01/Sep/2022:11:45:19] (S): Processed attachment.
[01/Sep/2022:11:45:19] (P): Processing attachment: https://s33834.pcdn.co/fitness-gb/wp-content/uploads/sites/444/2019/07/neve-gym-demo-01.jpg...
[01/Sep/2022:11:45:19] (P): Fetching attachment from url: https://s33834.pcdn.co/fitness-gb/wp-content/uploads/sites/444/2019/07/neve-gym-demo-01.jpg...
[01/Sep/2022:11:45:19] (S): Fetched remote attachment.
[01/Sep/2022:11:45:19] (P): Inserting attachment...
[01/Sep/2022:11:45:19] (S): Attachment inserted
[01/Sep/2022:11:45:19] (S): Processed attachment.
[01/Sep/2022:11:45:19] (P): Processing attachment: https://s33834.pcdn.co/fitness-gb/wp-content/uploads/sites/444/2019/07/neve-gym-demo-02.jpg...
[01/Sep/2022:11:45:19] (P): Fetching attachment from url: https://s33834.pcdn.co/fitness-gb/wp-content/uploads/sites/444/2019/07/neve-gym-demo-02.jpg...
[01/Sep/2022:11:45:19] (S): Fetched remote attachment.
[01/Sep/2022:11:45:19] (P): Inserting attachment...
[01/Sep/2022:11:45:19] (S): Attachment inserted
[01/Sep/2022:11:45:19] (S): Processed attachment.
[01/Sep/2022:11:45:19] (P): Processing attachment: https://s33834.pcdn.co/fitness-gb/wp-content/uploads/sites/444/2019/07/neve-gym-demo-03.jpg...
[01/Sep/2022:11:45:19] (P): Fetching attachment from url: https://s33834.pcdn.co/fitness-gb/wp-content/uploads/sites/444/2019/07/neve-gym-demo-03.jpg...
[01/Sep/2022:11:45:19] (S): Fetched remote attachment.
[01/Sep/2022:11:45:19] (P): Inserting attachment...
[01/Sep/2022:11:45:19] (S): Attachment inserted
[01/Sep/2022:11:45:19] (S): Processed attachment.
[01/Sep/2022:11:45:19] (P): Processing attachment: https://s33834.pcdn.co/fitness-gb/wp-content/uploads/sites/444/2019/07/neve-gym-demo-04.jpg...
[01/Sep/2022:11:45:19] (P): Fetching attachment from url: https://s33834.pcdn.co/fitness-gb/wp-content/uploads/sites/444/2019/07/neve-gym-demo-04.jpg...
[01/Sep/2022:11:45:20] (S): Fetched remote attachment.
[01/Sep/2022:11:45:20] (P): Inserting attachment...
[01/Sep/2022:11:45:20] (S): Attachment inserted
[01/Sep/2022:11:45:20] (S): Processed attachment.
[01/Sep/2022:11:45:20] (P): Processing attachment: https://s33834.pcdn.co/fitness-gb/wp-content/uploads/sites/444/2019/07/neve-gym-demo-05.jpg...
[01/Sep/2022:11:45:20] (P): Fetching attachment from url: https://s33834.pcdn.co/fitness-gb/wp-content/uploads/sites/444/2019/07/neve-gym-demo-05.jpg...
[01/Sep/2022:11:45:20] (S): Fetched remote attachment.
[01/Sep/2022:11:45:20] (P): Inserting attachment...
[01/Sep/2022:11:45:20] (S): Attachment inserted
[01/Sep/2022:11:45:20] (S): Processed attachment.
[01/Sep/2022:11:45:20] (P): Processing attachment: https://s33834.pcdn.co/fitness-gb/wp-content/uploads/sites/444/2019/07/neve-gym-demo-06.jpg...
[01/Sep/2022:11:45:20] (P): Fetching attachment from url: https://s33834.pcdn.co/fitness-gb/wp-content/uploads/sites/444/2019/07/neve-gym-demo-06.jpg...
[01/Sep/2022:11:45:20] (S): Fetched remote attachment.
[01/Sep/2022:11:45:20] (P): Inserting attachment...
[01/Sep/2022:11:45:20] (S): Attachment inserted
[01/Sep/2022:11:45:20] (S): Processed attachment.
[01/Sep/2022:11:45:20] (P): Processing attachment: https://s33834.pcdn.co/fitness-gb/wp-content/uploads/sites/444/2019/07/neve-gym-demo-07.jpg...
[01/Sep/2022:11:45:20] (P): Fetching attachment from url: https://s33834.pcdn.co/fitness-gb/wp-content/uploads/sites/444/2019/07/neve-gym-demo-07.jpg...
[01/Sep/2022:11:45:20] (S): Fetched remote attachment.
[01/Sep/2022:11:45:20] (P): Inserting attachment...
[01/Sep/2022:11:45:20] (S): Attachment inserted
[01/Sep/2022:11:45:20] (S): Processed attachment.
[01/Sep/2022:11:45:20] (P): Processing attachment: https://s33834.pcdn.co/fitness-gb/wp-content/uploads/sites/444/2019/07/neve-gym-demo-08.jpg...
[01/Sep/2022:11:45:20] (P): Fetching attachment from url: https://s33834.pcdn.co/fitness-gb/wp-content/uploads/sites/444/2019/07/neve-gym-demo-08.jpg...
[01/Sep/2022:11:45:20] (S): Fetched remote attachment.
[01/Sep/2022:11:45:20] (P): Inserting attachment...
[01/Sep/2022:11:45:20] (S): Attachment inserted
[01/Sep/2022:11:45:20] (S): Processed attachment.
[01/Sep/2022:11:45:20] (P): Processing attachment: https://s33834.pcdn.co/fitness-gb/wp-content/uploads/sites/444/2019/07/neve-gym-demo-09.jpg...
[01/Sep/2022:11:45:20] (P): Fetching attachment from url: https://s33834.pcdn.co/fitness-gb/wp-content/uploads/sites/444/2019/07/neve-gym-demo-09.jpg...
[01/Sep/2022:11:45:21] (S): Fetched remote attachment.
[01/Sep/2022:11:45:21] (P): Inserting attachment...
[01/Sep/2022:11:45:21] (S): Attachment inserted
[01/Sep/2022:11:45:21] (S): Processed attachment.
[01/Sep/2022:11:45:21] (P): Processing attachment: https://s33834.pcdn.co/fitness-gb/wp-content/uploads/sites/444/2019/07/neve-gym-demo-10.jpg...
[01/Sep/2022:11:45:21] (P): Fetching attachment from url: https://s33834.pcdn.co/fitness-gb/wp-content/uploads/sites/444/2019/07/neve-gym-demo-10.jpg...
[01/Sep/2022:11:45:21] (S): Fetched remote attachment.
[01/Sep/2022:11:45:21] (P): Inserting attachment...
[01/Sep/2022:11:45:21] (S): Attachment inserted
[01/Sep/2022:11:45:21] (S): Processed attachment.
[01/Sep/2022:11:45:21] (P): Processing attachment: https://s33834.pcdn.co/fitness-gb/wp-content/uploads/sites/444/2019/07/neve-gym-demo-11.jpg...
[01/Sep/2022:11:45:21] (P): Fetching attachment from url: https://s33834.pcdn.co/fitness-gb/wp-content/uploads/sites/444/2019/07/neve-gym-demo-11.jpg...
[01/Sep/2022:11:45:21] (S): Fetched remote attachment.
[01/Sep/2022:11:45:21] (P): Inserting attachment...
[01/Sep/2022:11:45:21] (S): Attachment inserted
[01/Sep/2022:11:45:21] (S): Processed attachment.
[01/Sep/2022:11:45:21] (P): Processing attachment: https://s33834.pcdn.co/fitness-gb/wp-content/uploads/sites/444/2019/07/neve-gym-demo-12.jpg...
[01/Sep/2022:11:45:21] (P): Fetching attachment from url: https://s33834.pcdn.co/fitness-gb/wp-content/uploads/sites/444/2019/07/neve-gym-demo-12.jpg...
[01/Sep/2022:11:45:21] (S): Fetched remote attachment.
[01/Sep/2022:11:45:21] (P): Inserting attachment...
[01/Sep/2022:11:45:21] (S): Attachment inserted
[01/Sep/2022:11:45:21] (S): Processed attachment.
[01/Sep/2022:11:45:21] (P): Processing attachment: https://s33834.pcdn.co/fitness-gb/wp-content/uploads/sites/444/2019/07/neve-gym-demo-13.jpg...
[01/Sep/2022:11:45:21] (P): Fetching attachment from url: https://s33834.pcdn.co/fitness-gb/wp-content/uploads/sites/444/2019/07/neve-gym-demo-13.jpg...
[01/Sep/2022:11:45:22] (S): Fetched remote attachment.
[01/Sep/2022:11:45:22] (P): Inserting attachment...
[01/Sep/2022:11:45:22] (S): Attachment inserted
[01/Sep/2022:11:45:22] (S): Processed attachment.
[01/Sep/2022:11:45:22] (P): Processing attachment: https://s33834.pcdn.co/fitness-gb/wp-content/uploads/sites/444/2019/07/neve-gym-demo-14.jpg...
[01/Sep/2022:11:45:22] (P): Fetching attachment from url: https://s33834.pcdn.co/fitness-gb/wp-content/uploads/sites/444/2019/07/neve-gym-demo-14.jpg...
[01/Sep/2022:11:45:22] (S): Fetched remote attachment.
[01/Sep/2022:11:45:22] (P): Inserting attachment...
[01/Sep/2022:11:45:22] (S): Attachment inserted
[01/Sep/2022:11:45:22] (S): Processed attachment.
[01/Sep/2022:11:45:22] (P): Processing attachment: https://s33834.pcdn.co/fitness-gb/wp-content/uploads/sites/444/2019/07/neve-gym-demo-15.jpg...
[01/Sep/2022:11:45:22] (P): Fetching attachment from url: https://s33834.pcdn.co/fitness-gb/wp-content/uploads/sites/444/2019/07/neve-gym-demo-15.jpg...
[01/Sep/2022:11:45:22] (S): Fetched remote attachment.
[01/Sep/2022:11:45:22] (P): Inserting attachment...
[01/Sep/2022:11:45:22] (S): Attachment inserted
[01/Sep/2022:11:45:22] (S): Processed attachment.
[01/Sep/2022:11:45:22] (P): Processing attachment: https://s33834.pcdn.co/fitness-gb/wp-content/uploads/sites/444/2019/07/neve-gym-demo-16.jpg...
[01/Sep/2022:11:45:22] (P): Fetching attachment from url: https://s33834.pcdn.co/fitness-gb/wp-content/uploads/sites/444/2019/07/neve-gym-demo-16.jpg...
[01/Sep/2022:11:45:22] (S): Fetched remote attachment.
[01/Sep/2022:11:45:22] (P): Inserting attachment...
[01/Sep/2022:11:45:22] (S): Attachment inserted
[01/Sep/2022:11:45:22] (S): Processed attachment.
[01/Sep/2022:11:45:22] (P): Processing attachment: https://s33834.pcdn.co/fitness-gb/wp-content/uploads/sites/444/2019/07/neve-gym-demo-17.jpg...
[01/Sep/2022:11:45:22] (P): Fetching attachment from url: https://s33834.pcdn.co/fitness-gb/wp-content/uploads/sites/444/2019/07/neve-gym-demo-17.jpg...
[01/Sep/2022:11:45:22] (S): Fetched remote attachment.
[01/Sep/2022:11:45:22] (P): Inserting attachment...
[01/Sep/2022:11:45:22] (S): Attachment inserted
[01/Sep/2022:11:45:22] (S): Processed attachment.
[01/Sep/2022:11:45:22] (P): Processing attachment: https://s33834.pcdn.co/fitness-gb/wp-content/uploads/sites/444/2019/07/neve-gym-demo-18.jpg...
[01/Sep/2022:11:45:22] (P): Fetching attachment from url: https://s33834.pcdn.co/fitness-gb/wp-content/uploads/sites/444/2019/07/neve-gym-demo-18.jpg...
[01/Sep/2022:11:45:23] (S): Fetched remote attachment.
[01/Sep/2022:11:45:23] (P): Inserting attachment...
[01/Sep/2022:11:45:23] (S): Attachment inserted
[01/Sep/2022:11:45:23] (S): Processed attachment.
[01/Sep/2022:11:45:23] (P): Processing attachment: https://s33834.pcdn.co/fitness-gb/wp-content/uploads/sites/444/2019/07/neve-gym-demo-19.jpg...
[01/Sep/2022:11:45:23] (P): Fetching attachment from url: https://s33834.pcdn.co/fitness-gb/wp-content/uploads/sites/444/2019/07/neve-gym-demo-19.jpg...
[01/Sep/2022:11:45:23] (S): Fetched remote attachment.
[01/Sep/2022:11:45:23] (P): Inserting attachment...
[01/Sep/2022:11:45:23] (S): Attachment inserted
[01/Sep/2022:11:45:23] (S): Processed attachment.
[01/Sep/2022:11:45:23] (P): Processing attachment: https://s33834.pcdn.co/fitness-gb/wp-content/uploads/sites/444/2019/07/neve-gym-demo-20.jpg...
[01/Sep/2022:11:45:23] (P): Fetching attachment from url: https://s33834.pcdn.co/fitness-gb/wp-content/uploads/sites/444/2019/07/neve-gym-demo-20.jpg...
[01/Sep/2022:11:45:23] (S): Fetched remote attachment.
[01/Sep/2022:11:45:23] (P): Inserting attachment...
[01/Sep/2022:11:45:23] (S): Attachment inserted
[01/Sep/2022:11:45:23] (S): Processed attachment.
[01/Sep/2022:11:45:23] (P): Processing attachment: https://s33834.pcdn.co/fitness-gb/wp-content/uploads/sites/444/2019/07/neve-gym-demo-21.jpg...
[01/Sep/2022:11:45:23] (P): Fetching attachment from url: https://s33834.pcdn.co/fitness-gb/wp-content/uploads/sites/444/2019/07/neve-gym-demo-21.jpg...
[01/Sep/2022:11:45:23] (S): Fetched remote attachment.
[01/Sep/2022:11:45:23] (P): Inserting attachment...
[01/Sep/2022:11:45:23] (S): Attachment inserted
[01/Sep/2022:11:45:23] (S): Processed attachment.
[01/Sep/2022:11:45:23] (P): Processing attachment: https://s33834.pcdn.co/fitness-gb/wp-content/uploads/sites/444/2019/07/neve-gym-demo-22.jpg...
[01/Sep/2022:11:45:23] (P): Fetching attachment from url: https://s33834.pcdn.co/fitness-gb/wp-content/uploads/sites/444/2019/07/neve-gym-demo-22.jpg...
[01/Sep/2022:11:45:23] (S): Fetched remote attachment.
[01/Sep/2022:11:45:23] (P): Inserting attachment...
[01/Sep/2022:11:45:23] (S): Attachment inserted
[01/Sep/2022:11:45:23] (S): Processed attachment.
[01/Sep/2022:11:45:23] (P): Processing attachment: https://s33834.pcdn.co/fitness-gb/wp-content/uploads/sites/444/2019/07/neve-gym-demo-23.jpg...
[01/Sep/2022:11:45:23] (P): Fetching attachment from url: https://s33834.pcdn.co/fitness-gb/wp-content/uploads/sites/444/2019/07/neve-gym-demo-23.jpg...
[01/Sep/2022:11:45:24] (S): Fetched remote attachment.
[01/Sep/2022:11:45:24] (P): Inserting attachment...
[01/Sep/2022:11:45:24] (S): Attachment inserted
[01/Sep/2022:11:45:24] (S): Processed attachment.
[01/Sep/2022:11:45:24] (P): Processing attachment: https://s33834.pcdn.co/fitness-gb/wp-content/uploads/sites/444/2019/07/neve-gym-demo-24.jpg...
[01/Sep/2022:11:45:24] (P): Fetching attachment from url: https://s33834.pcdn.co/fitness-gb/wp-content/uploads/sites/444/2019/07/neve-gym-demo-24.jpg...
[01/Sep/2022:11:45:24] (S): Fetched remote attachment.
[01/Sep/2022:11:45:24] (P): Inserting attachment...
[01/Sep/2022:11:45:24] (S): Attachment inserted
[01/Sep/2022:11:45:24] (S): Processed attachment.
[01/Sep/2022:11:45:24] (P): Processing attachment: https://s33834.pcdn.co/fitness-gb/wp-content/uploads/sites/444/2019/07/neve-gym-demo-25.jpg...
[01/Sep/2022:11:45:24] (P): Fetching attachment from url: https://s33834.pcdn.co/fitness-gb/wp-content/uploads/sites/444/2019/07/neve-gym-demo-25.jpg...
[01/Sep/2022:11:45:24] (S): Fetched remote attachment.
[01/Sep/2022:11:45:24] (P): Inserting attachment...
[01/Sep/2022:11:45:24] (S): Attachment inserted
[01/Sep/2022:11:45:24] (S): Processed attachment.
[01/Sep/2022:11:45:24] (P): Processing attachment: https://s33834.pcdn.co/fitness-gb/wp-content/uploads/sites/444/2019/07/neve-gym-demo-26.jpg...
[01/Sep/2022:11:45:24] (P): Fetching attachment from url: https://s33834.pcdn.co/fitness-gb/wp-content/uploads/sites/444/2019/07/neve-gym-demo-26.jpg...
[01/Sep/2022:11:45:24] (S): Fetched remote attachment.
[01/Sep/2022:11:45:24] (P): Inserting attachment...
[01/Sep/2022:11:45:24] (S): Attachment inserted
[01/Sep/2022:11:45:24] (S): Processed attachment.
[01/Sep/2022:11:45:24] (P): Processing attachment: https://s33834.pcdn.co/fitness-gb/wp-content/uploads/sites/444/2019/07/neve-gym-demo-27.jpg...
[01/Sep/2022:11:45:24] (P): Fetching attachment from url: https://s33834.pcdn.co/fitness-gb/wp-content/uploads/sites/444/2019/07/neve-gym-demo-27.jpg...
[01/Sep/2022:11:45:24] (S): Fetched remote attachment.
[01/Sep/2022:11:45:24] (P): Inserting attachment...
[01/Sep/2022:11:45:24] (S): Attachment inserted
[01/Sep/2022:11:45:24] (S): Processed attachment.
[01/Sep/2022:11:45:24] (P): Processing attachment: https://s33834.pcdn.co/fitness-gb/wp-content/uploads/sites/444/2019/07/neve-gym-demo-28.jpg...
[01/Sep/2022:11:45:24] (P): Fetching attachment from url: https://s33834.pcdn.co/fitness-gb/wp-content/uploads/sites/444/2019/07/neve-gym-demo-28.jpg...
[01/Sep/2022:11:45:25] (S): Fetched remote attachment.
[01/Sep/2022:11:45:25] (P): Inserting attachment...
[01/Sep/2022:11:45:25] (S): Attachment inserted
[01/Sep/2022:11:45:25] (S): Processed attachment.
[01/Sep/2022:11:45:25] (P): Processing attachment: https://s33834.pcdn.co/fitness-gb/wp-content/uploads/sites/444/2019/07/neve-gym-demo-29.jpg...
[01/Sep/2022:11:45:25] (P): Fetching attachment from url: https://s33834.pcdn.co/fitness-gb/wp-content/uploads/sites/444/2019/07/neve-gym-demo-29.jpg...
[01/Sep/2022:11:45:25] (S): Fetched remote attachment.
[01/Sep/2022:11:45:25] (P): Inserting attachment...
[01/Sep/2022:11:45:25] (S): Attachment inserted
[01/Sep/2022:11:45:25] (S): Processed attachment.
[01/Sep/2022:11:45:25] (P): Processing attachment: https://s33834.pcdn.co/fitness-gb/wp-content/uploads/sites/444/2019/07/neve-gym-demo-30.jpg...
[01/Sep/2022:11:45:25] (P): Fetching attachment from url: https://s33834.pcdn.co/fitness-gb/wp-content/uploads/sites/444/2019/07/neve-gym-demo-30.jpg...
[01/Sep/2022:11:45:25] (S): Fetched remote attachment.
[01/Sep/2022:11:45:25] (P): Inserting attachment...
[01/Sep/2022:11:45:25] (S): Attachment inserted
[01/Sep/2022:11:45:25] (S): Processed attachment.
[01/Sep/2022:11:45:25] (P): Processing attachment: https://s33834.pcdn.co/fitness-gb/wp-content/uploads/sites/444/2019/07/neve-gym-demo-31.jpg...
[01/Sep/2022:11:45:25] (P): Fetching attachment from url: https://s33834.pcdn.co/fitness-gb/wp-content/uploads/sites/444/2019/07/neve-gym-demo-31.jpg...
[01/Sep/2022:11:45:25] (S): Fetched remote attachment.
[01/Sep/2022:11:45:25] (P): Inserting attachment...
[01/Sep/2022:11:45:25] (S): Attachment inserted
[01/Sep/2022:11:45:25] (S): Processed attachment.
[01/Sep/2022:11:45:25] (P): Processing attachment: https://s33834.pcdn.co/fitness-gb/wp-content/uploads/sites/444/2019/07/neve-gym-demo-32.jpg...
[01/Sep/2022:11:45:25] (P): Fetching attachment from url: https://s33834.pcdn.co/fitness-gb/wp-content/uploads/sites/444/2019/07/neve-gym-demo-32.jpg...
[01/Sep/2022:11:45:26] (S): Fetched remote attachment.
[01/Sep/2022:11:45:26] (P): Inserting attachment...
[01/Sep/2022:11:45:26] (S): Attachment inserted
[01/Sep/2022:11:45:26] (S): Processed attachment.
[01/Sep/2022:11:45:26] (P): Processing attachment: https://s33834.pcdn.co/fitness-gb/wp-content/uploads/sites/444/2019/07/neve-gym-demo-33.jpg...
[01/Sep/2022:11:45:26] (P): Fetching attachment from url: https://s33834.pcdn.co/fitness-gb/wp-content/uploads/sites/444/2019/07/neve-gym-demo-33.jpg...
[01/Sep/2022:11:45:26] (S): Fetched remote attachment.
[01/Sep/2022:11:45:26] (P): Inserting attachment...
[01/Sep/2022:11:45:26] (S): Attachment inserted
[01/Sep/2022:11:45:26] (S): Processed attachment.
[01/Sep/2022:11:45:26] (P): Processing attachment: https://s33834.pcdn.co/fitness-gb/wp-content/uploads/sites/444/2019/07/neve-gym-demo-34.jpg...
[01/Sep/2022:11:45:26] (P): Fetching attachment from url: https://s33834.pcdn.co/fitness-gb/wp-content/uploads/sites/444/2019/07/neve-gym-demo-34.jpg...
[01/Sep/2022:11:45:26] (S): Fetched remote attachment.
[01/Sep/2022:11:45:26] (P): Inserting attachment...
[01/Sep/2022:11:45:26] (S): Attachment inserted
[01/Sep/2022:11:45:26] (S): Processed attachment.
[01/Sep/2022:11:45:26] (P): Processing attachment: https://s33834.pcdn.co/fitness-gb/wp-content/uploads/sites/444/2019/07/neve-gym-demo-35.jpg...
[01/Sep/2022:11:45:26] (P): Fetching attachment from url: https://s33834.pcdn.co/fitness-gb/wp-content/uploads/sites/444/2019/07/neve-gym-demo-35.jpg...
[01/Sep/2022:11:45:26] (S): Fetched remote attachment.
[01/Sep/2022:11:45:26] (P): Inserting attachment...
[01/Sep/2022:11:45:26] (S): Attachment inserted
[01/Sep/2022:11:45:26] (S): Processed attachment.
[01/Sep/2022:11:45:26] (P): Processing attachment: https://s33834.pcdn.co/fitness-gb/wp-content/uploads/sites/444/2019/07/neve-gym-demo-36.jpg...
[01/Sep/2022:11:45:26] (P): Fetching attachment from url: https://s33834.pcdn.co/fitness-gb/wp-content/uploads/sites/444/2019/07/neve-gym-demo-36.jpg...
[01/Sep/2022:11:45:27] (S): Fetched remote attachment.
[01/Sep/2022:11:45:27] (P): Inserting attachment...
[01/Sep/2022:11:45:27] (S): Attachment inserted
[01/Sep/2022:11:45:27] (S): Processed attachment.
[01/Sep/2022:11:45:27] (P): Processing attachment: https://s33834.pcdn.co/fitness-gb/wp-content/uploads/sites/444/2019/07/neve-gym-demo-37.jpg...
[01/Sep/2022:11:45:27] (P): Fetching attachment from url: https://s33834.pcdn.co/fitness-gb/wp-content/uploads/sites/444/2019/07/neve-gym-demo-37.jpg...
[01/Sep/2022:11:45:27] (S): Fetched remote attachment.
[01/Sep/2022:11:45:27] (P): Inserting attachment...
[01/Sep/2022:11:45:27] (S): Attachment inserted
[01/Sep/2022:11:45:27] (S): Processed attachment.
[01/Sep/2022:11:45:27] (P): Inserting page: Home .
[01/Sep/2022:11:45:27] (S): Done inserting page: Home .
[01/Sep/2022:11:45:27] (P): Processing single menu item ' '...
[01/Sep/2022:11:45:27] (S): Processed single menu item.
[01/Sep/2022:11:45:27] (P): Inserting page: The Gym .
[01/Sep/2022:11:45:28] (S): Done inserting page: The Gym .
[01/Sep/2022:11:45:28] (P): Processing single menu item ' '...
[01/Sep/2022:11:45:28] (S): Processed single menu item.
[01/Sep/2022:11:45:28] (P): Inserting custom_css: neve .
[01/Sep/2022:11:45:28] (S): Done inserting custom_css: neve .
[01/Sep/2022:11:45:28] (P): Inserting page: News .
[01/Sep/2022:11:45:28] (S): Done inserting page: News .
[01/Sep/2022:11:45:28] (P): Processing single menu item ' '...
[01/Sep/2022:11:45:28] (S): Processed single menu item.
[01/Sep/2022:11:45:28] (P): Inserting page: Contact .
[01/Sep/2022:11:45:28] (S): Done inserting page: Contact .
[01/Sep/2022:11:45:28] (P): Processing single menu item ' '...
[01/Sep/2022:11:45:28] (S): Processed single menu item.
[01/Sep/2022:11:45:28] (P): Inserting custom_css: neve .
[01/Sep/2022:11:45:28] (S): Done inserting custom_css: neve .
[01/Sep/2022:11:45:28] (P): Inserting page: Single Group .
[01/Sep/2022:11:45:28] (S): Done inserting page: Single Group .
[01/Sep/2022:11:45:28] (P): Processing single menu item ' '...
[01/Sep/2022:11:45:28] (S): Processed single menu item.
[01/Sep/2022:11:45:28] (P): Processing single menu item ' '...
[01/Sep/2022:11:45:28] (S): Processed single menu item.
[01/Sep/2022:11:45:28] (P): Inserting page: Privacy and Terms .
[01/Sep/2022:11:45:28] (S): Done inserting page: Privacy and Terms .
[01/Sep/2022:11:45:28] (P): Processing single menu item ' '...
[01/Sep/2022:11:45:28] (S): Processed single menu item.
[01/Sep/2022:11:45:28] (P): Processing attachment: https://s33834.pcdn.co/fitness-gb/wp-content/uploads/sites/444/2020/11/gym-logo.png...
[01/Sep/2022:11:45:28] (P): Fetching attachment from url: https://s33834.pcdn.co/fitness-gb/wp-content/uploads/sites/444/2020/11/gym-logo.png...
[01/Sep/2022:11:45:28] (S): Fetched remote attachment.
[01/Sep/2022:11:45:28] (P): Inserting attachment...
[01/Sep/2022:11:45:28] (S): Attachment inserted
[01/Sep/2022:11:45:28] (S): Processed attachment.
[01/Sep/2022:11:45:28] (P): Inserting page: Groups .
[01/Sep/2022:11:45:29] (S): Done inserting page: Groups .
[01/Sep/2022:11:45:29] (P): Processing single menu item ' '...
[01/Sep/2022:11:45:29] (S): Processed single menu item.
[01/Sep/2022:11:45:29] (P): Processing attachment: https://s33834.pcdn.co/fitness-gb/wp-content/uploads/sites/444/2022/07/neve-gym-demo-32.1.png...
[01/Sep/2022:11:45:29] (P): Fetching attachment from url: https://s33834.pcdn.co/fitness-gb/wp-content/uploads/sites/444/2022/07/neve-gym-demo-32.1.png...
[01/Sep/2022:11:45:29] (S): Fetched remote attachment.
[01/Sep/2022:11:45:29] (P): Inserting attachment...
[01/Sep/2022:11:45:29] (S): Attachment inserted
[01/Sep/2022:11:45:29] (S): Processed attachment.
[01/Sep/2022:11:45:29] (P): Inserting post: Gym hours for new year\'s day .
[01/Sep/2022:11:45:29] (S): Done inserting post: Gym hours for new year\'s day .
[01/Sep/2022:11:45:29] (P): Inserting post: Christmas promotions .
[01/Sep/2022:11:45:29] (S): Done inserting post: Christmas promotions .
[01/Sep/2022:11:45:29] (P): Inserting post: New Gym in Georgetown .
[01/Sep/2022:11:45:29] (S): Done inserting post: New Gym in Georgetown .
[01/Sep/2022:11:45:29] (P): Inserting post: Bodycombat classes .
[01/Sep/2022:11:45:29] (S): Done inserting post: Bodycombat classes .
[01/Sep/2022:11:45:29] (P): Inserting wp_block: five-stars .
[01/Sep/2022:11:45:29] (S): Done inserting wp_block: five-stars .
[01/Sep/2022:11:45:29] (P): Inserting wp_block: Overline .
[01/Sep/2022:11:45:29] (S): Done inserting wp_block: Overline .
[01/Sep/2022:11:45:29] (S): Processed posts.
[01/Sep/2022:11:45:30] (P): Cleaning up import with id ...
[01/Sep/2022:11:45:30] (P): Done cleanup. Flushing cache...
[01/Sep/2022:11:45:30] (P): Flushed cache. Removing temporary data..
[01/Sep/2022:11:45:30] (S): Done importing
[01/Sep/2022:11:45:30] (P): Busting elementor cache
[01/Sep/2022:11:45:30] (P): Busting woo cache
[01/Sep/2022:11:45:30] (S): Front page set up with id: 150.
